2018-01-04 13:17:55 INFO  Main:22 - hiii my first log
2018-01-04 13:17:55 ERROR Main:23 - error
2018-01-04 14:16:58 INFO  Main:21 - hiii my first log
2018-01-04 14:16:58 ERROR Main:22 - error
2018-01-04 14:51:25 INFO  Main:21 - hiii my first log
2018-01-04 14:51:25 ERROR Main:22 - error
2018-01-18 14:37:09 INFO  Main:21 - hiii my first log
2018-01-18 14:37:09 ERROR Main:22 - error
2018-02-17 15:59:35 INFO  Main:21 - hiii my first log
2018-02-24 12:17:29 INFO  Main:22 - hiii my first log
2018-02-24 12:17:29 ERROR Main:23 - error
2018-02-24 12:18:18 INFO  Main:22 - hiii my first log
2018-02-24 12:18:18 ERROR Main:23 - error
2018-02-24 12:20:48 INFO  Main:22 - hiii my first log
2018-02-24 12:20:48 ERROR Main:23 - error
2018-02-24 12:21:33 INFO  Main:22 - hiii my first log
2018-02-24 12:21:33 ERROR Main:23 - error
2018-02-24 12:25:15 INFO  Main:22 - hiii my first log
2018-02-24 12:25:15 ERROR Main:23 - error
2018-02-24 12:25:31 INFO  Main:22 - hiii my first log
2018-02-24 12:25:31 ERROR Main:23 - error
2018-02-24 12:26:04 INFO  Main:22 - hiii my first log
2018-02-24 12:26:04 ERROR Main:23 - error
2018-02-24 12:26:25 INFO  Main:22 - hiii my first log
2018-02-24 12:26:25 ERROR Main:23 - error
2018-02-24 12:29:32 INFO  Main:22 - hiii my first log
2018-02-24 12:29:32 ERROR Main:23 - error
2018-02-24 12:30:31 INFO  Main:22 - hiii my first log
2018-02-24 12:30:31 ERROR Main:23 - error
2018-02-24 12:30:37 INFO  UserDAOImpl:44 - User with id user@mail.com was saved successfully
2018-02-24 12:30:40 INFO  Main:46 - Creating a new user User{, email='user@mail.com', firstName='first', lastName='last', creationDate=2018-02-24} success: 
2018-02-24 12:31:15 INFO  Main:22 - hiii my first log
2018-02-24 12:31:15 ERROR Main:23 - error
2018-02-24 12:31:22 INFO  Main:22 - hiii my first log
2018-02-24 12:31:22 ERROR Main:23 - error
2018-02-24 12:31:33 INFO  Main:22 - hiii my first log
2018-02-24 12:31:33 ERROR Main:23 - error
2018-02-24 12:31:59 INFO  Main:22 - hiii my first log
2018-02-24 12:31:59 ERROR Main:23 - error
2018-02-24 12:32:52 ERROR UserDAOImpl:49 - Failed to save a user User{, email='user@mail.com', firstName='first', lastName='last', creationDate=2018-02-24}
2018-02-24 12:32:52 ERROR UserDAOImpl:50 - [Ljava.lang.StackTraceElement;@4c51cf28
2018-02-24 12:32:52 ERROR UserDAOImpl:49 - Failed to save a user User{, email='user@mail.com', firstName='first', lastName='last', creationDate=2018-02-24}
2018-02-24 12:32:52 ERROR UserDAOImpl:50 - [Ljava.lang.StackTraceElement;@3549bca9
2018-02-24 12:32:53 ERROR UserDAOImpl:49 - Failed to save a user User{, email='user@mail.com', firstName='first', lastName='last', creationDate=2018-02-24}
2018-02-24 12:32:53 ERROR UserDAOImpl:50 - [Ljava.lang.StackTraceElement;@4c51cf28
2018-02-24 12:32:56 INFO  Main:22 - hiii my first log
2018-02-24 12:32:56 ERROR Main:23 - error
2018-02-24 12:33:28 INFO  Main:22 - hiii my first log
2018-02-24 12:33:28 ERROR Main:23 - error
2018-02-24 12:33:34 INFO  UserDAOImpl:44 - User with id user@mail.com was saved successfully
2018-02-24 12:33:35 INFO  Main:46 - Creating a new user User{, email='user@mail.com', firstName='first', lastName='last', creationDate=2018-02-24} success: 
2018-02-24 12:34:42 ERROR UserDAOImpl:? - Failed to save a user User{, email='user@mail.com', firstName='first', lastName='last', creationDate=2018-02-24}
2018-02-24 12:34:42 ERROR UserDAOImpl:? - [Ljava.lang.StackTraceElement;@4c51cf28
2018-02-24 12:34:44 INFO  Main:22 - hiii my first log
2018-02-24 12:34:44 ERROR Main:23 - error
2018-02-24 12:34:59 INFO  UserDAOImpl:44 - User with id user@mail.com was saved successfully
2018-02-24 12:35:00 INFO  Main:46 - Creating a new user User{, email='user@mail.com', firstName='first', lastName='last', creationDate=2018-02-24} success: 
2018-02-24 12:36:27 INFO  Main:22 - hiii my first log
2018-02-24 12:36:27 ERROR Main:23 - error
2018-02-24 12:36:28 INFO  UserDAOImpl:44 - User with id user@mail.com was saved successfully
2018-02-24 12:36:28 INFO  Main:46 - Creating a new user User{, email='user@mail.com', firstName='first', lastName='last', creationDate=2018-02-24} success: 
2018-02-24 12:36:51 INFO  Main:22 - hiii my first log
2018-02-24 12:36:51 ERROR Main:23 - error
2018-02-24 12:37:53 INFO  Main:22 - hiii my first log
2018-02-24 12:37:53 ERROR Main:23 - error
2018-02-24 12:38:02 INFO  Main:22 - hiii my first log
2018-02-24 12:38:02 ERROR Main:23 - error
2018-02-24 12:38:46 ERROR UserDAOImpl:49 - Failed to save a user User{, email='user@mail.com', firstName='first', lastName='last', creationDate=2018-02-24}
2018-02-24 12:38:46 ERROR UserDAOImpl:50 - [Ljava.lang.StackTraceElement;@5a18cd76
2018-02-24 12:39:21 INFO  Main:22 - hiii my first log
2018-02-24 12:39:21 ERROR Main:23 - error
2018-02-24 12:39:27 INFO  UserDAOImpl:44 - User with id user@mail.com was saved successfully
2018-02-24 12:39:27 INFO  Main:46 - Creating a new user User{, email='user@mail.com', firstName='first', lastName='last', creationDate=2018-02-24} success: 
2018-02-24 12:53:40 INFO  Main:22 - hiii my first log
2018-02-24 12:53:40 ERROR Main:23 - error
2018-02-24 12:53:59 INFO  UserDAOImpl:44 - User with id user@mail.com was saved successfully
2018-02-24 12:54:00 INFO  Main:46 - Creating a new user User{, email='user@mail.com', firstName='first', lastName='last', creationDate=2018-02-24} success: 
2018-02-24 12:54:29 INFO  Main:22 - hiii my first log
2018-02-24 12:54:29 ERROR Main:23 - error
2018-02-24 12:54:35 INFO  UserDAOImpl:44 - User with id useddr@mail.com was saved successfully
2018-02-24 12:54:36 INFO  Main:46 - Creating a new user User{, email='useddr@mail.com', firstName='firstff', lastName='lastfff', creationDate=2018-02-24} success: 
2018-02-24 13:15:53 INFO  Main:22 - hiii my first log
2018-02-24 13:15:53 ERROR Main:23 - error
2018-02-24 13:16:18 INFO  Main:22 - hiii my first log
2018-02-24 13:16:18 ERROR Main:23 - error
2018-02-24 13:16:25 INFO  UserDAOImpl:44 - User with id useddr@mail.com was saved successfully
2018-02-24 13:16:25 INFO  Main:46 - Creating a new user User{, email='useddr@mail.com', firstName='firstff', lastName='lastfff', creationDate=2018-02-24} success: 
2018-02-24 13:19:27 INFO  Main:24 - hiii my first log
2018-02-24 13:19:27 ERROR Main:25 - error
2018-02-24 13:19:34 INFO  Main:24 - hiii my first log
2018-02-24 13:19:34 ERROR Main:25 - error
2018-02-24 13:19:56 INFO  UserDAOImpl:44 - User with id sdf was saved successfully
2018-02-24 13:19:58 INFO  UserServiceImpl:37 - created a new user successfully: User{, email='sdf', firstName='sdfg', lastName='fgh', creationDate=2018-02-24}
2018-02-24 13:19:58 INFO  Main:50 - Creating a new user User{, email='useddr@mail.com', firstName='firstff', lastName='lastfff', creationDate=2018-02-24} success: 
2018-02-24 13:23:43 INFO  Main:24 - hiii my first log
2018-02-24 13:23:43 ERROR Main:25 - error
2018-02-24 15:36:26 INFO  Main:24 - hiii my first log
2018-02-24 15:36:26 ERROR Main:25 - error
2018-02-24 15:36:42 INFO  UserDAOImpl:44 - User with id sdf was saved successfully
2018-02-24 15:36:45 INFO  UserServiceImpl:37 - created a new user successfully: User{, email='sdf', firstName='sdfg', lastName='fgh', creationDate=2018-02-24}
2018-02-24 15:36:45 INFO  Main:50 - Creating a new user User{, email='useddr@mail.com', firstName='firstff', lastName='lastfff', creationDate=2018-02-24} success: 
2018-02-24 16:48:40 INFO  Main:27 - hiii my first log
2018-02-24 16:48:40 ERROR Main:28 - error
2018-02-24 16:48:41 INFO  UserDAOImpl:44 - User with id sdf was saved successfully
2018-02-24 16:48:41 INFO  UserServiceImpl:37 - created a new user successfully: User{, email='sdf', firstName='sdfg', lastName='fgh', creationDate=2018-02-24}
2018-02-24 16:48:41 INFO  Main:53 - Creating a new user User{, email='useddr@mail.com', firstName='firstff', lastName='lastfff', creationDate=2018-02-24} success: 
2018-02-24 16:48:41 INFO  HibernateToDoListDAO:49 - Item with id 009518c5-6668-4041-9626-092cbdbdae07 was saved successfully
2018-02-24 16:48:41 INFO  IToDoListServiceImpl:40 - created a new item successfully: Item{itemId=009518c5-6668-4041-9626-092cbdbdae07, userId=useddr@mail.com, title='dsfs', content='das', creationDate=2018-02-24}
2018-02-24 16:48:41 INFO  Main:62 - Creating a new item Item{itemId=89ea9b24-e9b8-4f5c-a5b5-1d03cac8df1b, userId=useddr@mail.com, title='title', content='content of item', creationDate=2018-02-24} success:
2018-02-24 16:50:05 INFO  Main:27 - hiii my first log
2018-02-24 16:50:05 ERROR Main:28 - error
2018-02-24 16:50:06 INFO  UserDAOImpl:44 - User with id sdf was saved successfully
2018-02-24 16:50:06 INFO  UserServiceImpl:37 - created a new user successfully: User{, email='sdf', firstName='sdfg', lastName='fgh', creationDate=2018-02-24}
2018-02-24 16:50:06 INFO  Main:53 - Creating a new user User{, email='useddr@mail.com', firstName='firstff', lastName='lastfff', creationDate=2018-02-24} success: 
2018-02-24 16:50:06 INFO  HibernateToDoListDAO:49 - Item with id 2a570c73-13f1-43a7-8e36-7f8876838bed was saved successfully
2018-02-24 16:50:06 INFO  IToDoListServiceImpl:40 - created a new item successfully: Item{itemId=2a570c73-13f1-43a7-8e36-7f8876838bed, userId=useddr@mail.com, title='dsfs', content='das', creationDate=2018-02-24}
2018-02-24 16:50:06 INFO  Main:62 - Creating a new item Item{itemId=df310b6e-92e9-48fb-962d-f011d5fbe661, userId=useddr@mail.com, title='title', content='content of item', creationDate=2018-02-24} success:
